<?xml version="1.0" encoding="UTF-8"?>
<!-- Generated by org.testng.reporters.JUnitReportReporter -->
<testsuite hostname="Vimarshs-MacBook-Air.local" failures="0" tests="1" name="tests.LoginLogoutTest" time="52.223" errors="0" timestamp="2025-08-09T23:40:45 IST" skipped="0">
  <testcase classname="tests.LoginLogoutTest" name="testLogoutFunctionality" time="52.223"/>
</testsuite> <!-- tests.LoginLogoutTest -->
