<?xml version="1.0" encoding="UTF-8"?>
<!-- Generated by org.testng.reporters.JUnitReportReporter -->
<testsuite hostname="Vimarshs-MacBook-Air.local" failures="0" tests="1" name="tests.SearchProductPageTest" time="38.122" errors="0" timestamp="2025-08-11T10:25:50 IST" skipped="0">
  <testcase classname="tests.SearchProductPageTest" name="testWithValidSearchDataAndFilters" time="38.122"/>
</testsuite> <!-- tests.SearchProductPageTest -->
