<?xml version="1.0" encoding="UTF-8"?>
<!-- Generated by org.testng.reporters.JUnitReportReporter -->
<testsuite hostname="Vimarshs-MacBook-Air.local" failures="0" tests="1" name="tests.RegistrationPageTest" time="13.127" errors="0" timestamp="2025-08-11T10:18:04 IST" skipped="0">
  <testcase classname="tests.RegistrationPageTest" name="testRegisterWithSomeBlankFields" time="13.127"/>
</testsuite> <!-- tests.RegistrationPageTest -->
