<?xml version="1.0" encoding="UTF-8"?>
<!-- Generated by org.testng.reporters.JUnitReportReporter -->
<testsuite hostname="Vimarshs-MacBook-Air.local" failures="0" tests="1" name="tests.ProductPageTest" time="17.066" errors="0" timestamp="2025-08-03T21:54:29 IST" skipped="0">
  <testcase classname="tests.ProductPageTest" name="testWithValidSearchData" time="17.066"/>
</testsuite> <!-- tests.ProductPageTest -->
