<?xml version="1.0" encoding="UTF-8"?>
<!-- Generated by org.testng.reporters.JUnitReportReporter -->
<testsuite hostname="Vimarshs-MacBook-Air.local" failures="0" tests="1" name="tests.PurchasingTest" time="28.871" errors="0" timestamp="2025-08-08T15:42:58 IST" skipped="0">
  <testcase classname="tests.PurchasingTest" name="addingMultipleProductToCart" time="28.871"/>
</testsuite> <!-- tests.PurchasingTest -->
