<?xml version="1.0" encoding="UTF-8"?>
<!-- Generated by org.testng.reporters.JUnitReportReporter -->
<testsuite hostname="Vimarshs-MacBook-Air.local" failures="0" tests="1" name="tests.PurchasingandSellingTest" time="25.255" errors="0" timestamp="2025-08-11T10:52:08 IST" skipped="0">
  <testcase classname="tests.PurchasingandSellingTest" name="sellingProduct" time="25.255"/>
</testsuite> <!-- tests.PurchasingandSellingTest -->
