<?xml version="1.0" encoding="UTF-8"?>
<!-- Generated by org.testng.reporters.JUnitReportReporter -->
<testsuite hostname="Vimarshs-MacBook-Air.local" failures="0" tests="1" name="tests.HomePageTest" time="9.304" errors="0" timestamp="2025-08-09T23:22:11 IST" skipped="0">
  <testcase classname="tests.HomePageTest" name="testFooterLinks" time="9.304"/>
</testsuite> <!-- tests.HomePageTest -->
