<?xml version="1.0" encoding="UTF-8"?>
<!-- Generated by org.testng.reporters.JUnitReportReporter -->
<testsuite hostname="Vimarshs-MacBook-Air.local" failures="0" tests="9" name="tests.HomePageTest" time="85.891" errors="0" timestamp="2025-07-29T22:19:53 IST" skipped="0">
  <testcase classname="tests.HomePageTest" name="testLogoPresence" time="13.052"/>
  <testcase classname="tests.HomePageTest" name="testSearchBarPresence" time="6.558"/>
  <testcase classname="tests.HomePageTest" name="testCategoryDropdown" time="7.763"/>
  <testcase classname="tests.HomePageTest" name="testNavigationLinks" time="6.863"/>
  <testcase classname="tests.HomePageTest" name="testSearchFunctionalityUI" time="12.318"/>
  <testcase classname="tests.HomePageTest" name="tesrBrowseByCategory" time="13.837"/>
  <testcase classname="tests.HomePageTest" name="tesrDiscoverRareFinds" time="8.611"/>
  <testcase classname="tests.HomePageTest" name="tesrBestSellingBrands" time="9.061"/>
  <testcase classname="tests.HomePageTest" name="testFooterLinks" time="7.828"/>
</testsuite> <!-- tests.HomePageTest -->
